
> frontend@0.1.0 start /home/crio-user/workspace/ozagade2002-ME_BUILDOUT_XFLIX_REACT/frontend
> react-scripts start

[34mℹ[39m [90m｢wds｣[39m: Project is running at http://192.168.41.52/
[34mℹ[39m [90m｢wds｣[39m: webpack output is served from 
[34mℹ[39m [90m｢wds｣[39m: Content not from webpack is served from /home/crio-user/workspace/ozagade2002-ME_BUILDOUT_XFLIX_REACT/frontend/public
[34mℹ[39m [90m｢wds｣[39m: 404s will fallback to /
Starting the development server...

Compiled with warnings.

src/App.js
  Line 4:38:  'BrowserRouter' is defined but never used  no-unused-vars

src/components/LandingPage.js
  Line 88:72:  Array.prototype.filter() expects a value to be returned at the end of arrow function  array-callback-return
  Line 98:28:  Array.prototype.map() expects a value to be returned at the end of arrow function     array-callback-return

src/components/Video.js
  Line 34:58:  Unexpected string concatenation of literals  no-useless-concat

Search for the keywords to learn more about each warning.
To ignore, add // eslint-disable-next-line to the line before.

Compiling...
Compiled with warnings.

src/App.js
  Line 4:38:  'BrowserRouter' is defined but never used  no-unused-vars

src/components/LandingPage.js
  Line 88:72:  Array.prototype.filter() expects a value to be returned at the end of arrow function  array-callback-return
  Line 98:28:  Array.prototype.map() expects a value to be returned at the end of arrow function     array-callback-return

src/components/Video.js
  Line 34:58:  Unexpected string concatenation of literals  no-useless-concat

Search for the keywords to learn more about each warning.
To ignore, add // eslint-disable-next-line to the line before.


> frontend@0.1.0 start /home/crio-user/workspace/ozagade2002-ME_BUILDOUT_XFLIX_REACT/frontend
> react-scripts start

[34mℹ[39m [90m｢wds｣[39m: Project is running at http://192.168.41.52/
[34mℹ[39m [90m｢wds｣[39m: webpack output is served from 
[34mℹ[39m [90m｢wds｣[39m: Content not from webpack is served from /home/crio-user/workspace/ozagade2002-ME_BUILDOUT_XFLIX_REACT/frontend/public
[34mℹ[39m [90m｢wds｣[39m: 404s will fallback to /
Starting the development server...

Compiled with warnings.

src/App.js
  Line 4:38:  'BrowserRouter' is defined but never used  no-unused-vars

src/components/LandingPage.js
  Line 88:72:  Array.prototype.filter() expects a value to be returned at the end of arrow function  array-callback-return
  Line 98:28:  Array.prototype.map() expects a value to be returned at the end of arrow function     array-callback-return

src/components/Video.js
  Line 34:58:  Unexpected string concatenation of literals  no-useless-concat

Search for the keywords to learn more about each warning.
To ignore, add // eslint-disable-next-line to the line before.

Compiling...
Compiled with warnings.

src/App.js
  Line 4:38:  'BrowserRouter' is defined but never used  no-unused-vars

src/components/LandingPage.js
  Line 88:72:  Array.prototype.filter() expects a value to be returned at the end of arrow function  array-callback-return
  Line 98:28:  Array.prototype.map() expects a value to be returned at the end of arrow function     array-callback-return

src/components/Video.js
  Line 34:58:  Unexpected string concatenation of literals  no-useless-concat

Search for the keywords to learn more about each warning.
To ignore, add // eslint-disable-next-line to the line before.

The build failed because the process exited too early. This probably means the system ran out of memory or someone called `kill -9` on the process.
npm ERR! code ELIFECYCLE
npm ERR! errno 1
npm ERR! frontend@0.1.0 start: `react-scripts start`
npm ERR! Exit status 1
npm ERR! 
npm ERR! Failed at the frontend@0.1.0 start script.
npm ERR! This is probably not a problem with npm. There is likely additional logging output above.

npm ERR! A complete log of this run can be found in:
npm ERR!     /home/crio-user/.npm/_logs/2021-05-12T06_57_34_259Z-debug.log

> frontend@0.1.0 start /home/crio-user/workspace/ozagade2002-ME_BUILDOUT_XFLIX_REACT/frontend
> react-scripts start

[34mℹ[39m [90m｢wds｣[39m: Project is running at http://192.168.71.205/
[34mℹ[39m [90m｢wds｣[39m: webpack output is served from 
[34mℹ[39m [90m｢wds｣[39m: Content not from webpack is served from /home/crio-user/workspace/ozagade2002-ME_BUILDOUT_XFLIX_REACT/frontend/public
[34mℹ[39m [90m｢wds｣[39m: 404s will fallback to /
Starting the development server...

Compiled with warnings.

src/components/LandingPage.js
  Line 88:72:  Array.prototype.filter() expects a value to be returned at the end of arrow function  array-callback-return
  Line 98:28:  Array.prototype.map() expects a value to be returned at the end of arrow function     array-callback-return

src/components/Video.js
  Line 34:58:  Unexpected string concatenation of literals  no-useless-concat

Search for the keywords to learn more about each warning.
To ignore, add // eslint-disable-next-line to the line before.


> frontend@0.1.0 start /home/crio-user/workspace/ozagade2002-ME_BUILDOUT_XFLIX_REACT/frontend
> react-scripts start

[34mℹ[39m [90m｢wds｣[39m: Project is running at http://192.168.0.147/
[34mℹ[39m [90m｢wds｣[39m: webpack output is served from 
[34mℹ[39m [90m｢wds｣[39m: Content not from webpack is served from /home/crio-user/workspace/ozagade2002-ME_BUILDOUT_XFLIX_REACT/frontend/public
[34mℹ[39m [90m｢wds｣[39m: 404s will fallback to /
Starting the development server...

Compiled with warnings.

src/components/LandingPage.js
  Line 88:72:  Array.prototype.filter() expects a value to be returned at the end of arrow function  array-callback-return
  Line 98:28:  Array.prototype.map() expects a value to be returned at the end of arrow function     array-callback-return

src/components/Video.js
  Line 34:58:  Unexpected string concatenation of literals  no-useless-concat

Search for the keywords to learn more about each warning.
To ignore, add // eslint-disable-next-line to the line before.


> frontend@0.1.0 start /home/crio-user/workspace/ozagade2002-ME_BUILDOUT_XFLIX_REACT/frontend
> react-scripts start

[34mℹ[39m [90m｢wds｣[39m: Project is running at http://192.168.46.193/
[34mℹ[39m [90m｢wds｣[39m: webpack output is served from 
[34mℹ[39m [90m｢wds｣[39m: Content not from webpack is served from /home/crio-user/workspace/ozagade2002-ME_BUILDOUT_XFLIX_REACT/frontend/public
[34mℹ[39m [90m｢wds｣[39m: 404s will fallback to /
Starting the development server...

Compiled with warnings.

src/components/LandingPage.js
  Line 88:72:  Array.prototype.filter() expects a value to be returned at the end of arrow function  array-callback-return
  Line 98:28:  Array.prototype.map() expects a value to be returned at the end of arrow function     array-callback-return

src/components/Video.js
  Line 34:58:  Unexpected string concatenation of literals  no-useless-concat

Search for the keywords to learn more about each warning.
To ignore, add // eslint-disable-next-line to the line before.


> frontend@0.1.0 start /home/crio-user/workspace/ozagade2002-ME_BUILDOUT_XFLIX_REACT/frontend
> react-scripts start

[34mℹ[39m [90m｢wds｣[39m: Project is running at http://192.168.46.193/
[34mℹ[39m [90m｢wds｣[39m: webpack output is served from 
[34mℹ[39m [90m｢wds｣[39m: Content not from webpack is served from /home/crio-user/workspace/ozagade2002-ME_BUILDOUT_XFLIX_REACT/frontend/public
[34mℹ[39m [90m｢wds｣[39m: 404s will fallback to /
Starting the development server...

Compiled with warnings.

src/components/LandingPage.js
  Line 88:72:  Array.prototype.filter() expects a value to be returned at the end of arrow function  array-callback-return
  Line 98:28:  Array.prototype.map() expects a value to be returned at the end of arrow function     array-callback-return

src/components/Video.js
  Line 34:58:  Unexpected string concatenation of literals  no-useless-concat

Search for the keywords to learn more about each warning.
To ignore, add // eslint-disable-next-line to the line before.

Compiling...
Compiled with warnings.

src/components/LandingPage.js
  Line 88:72:  Array.prototype.filter() expects a value to be returned at the end of arrow function  array-callback-return
  Line 98:28:  Array.prototype.map() expects a value to be returned at the end of arrow function     array-callback-return

src/components/Video.js
  Line 34:58:  Unexpected string concatenation of literals  no-useless-concat

Search for the keywords to learn more about each warning.
To ignore, add // eslint-disable-next-line to the line before.


> frontend@0.1.0 start /home/crio-user/workspace/ozagade2002-ME_BUILDOUT_XFLIX_REACT/frontend
> react-scripts start

[34mℹ[39m [90m｢wds｣[39m: Project is running at http://192.168.46.193/
[34mℹ[39m [90m｢wds｣[39m: webpack output is served from 
[34mℹ[39m [90m｢wds｣[39m: Content not from webpack is served from /home/crio-user/workspace/ozagade2002-ME_BUILDOUT_XFLIX_REACT/frontend/public
[34mℹ[39m [90m｢wds｣[39m: 404s will fallback to /
Starting the development server...

Compiled with warnings.

src/components/LandingPage.js
  Line 88:72:  Array.prototype.filter() expects a value to be returned at the end of arrow function  array-callback-return
  Line 98:28:  Array.prototype.map() expects a value to be returned at the end of arrow function     array-callback-return

src/components/Video.js
  Line 34:58:  Unexpected string concatenation of literals  no-useless-concat

Search for the keywords to learn more about each warning.
To ignore, add // eslint-disable-next-line to the line before.

Compiling...
Compiled with warnings.

src/components/LandingPage.js
  Line 88:72:  Array.prototype.filter() expects a value to be returned at the end of arrow function  array-callback-return
  Line 98:28:  Array.prototype.map() expects a value to be returned at the end of arrow function     array-callback-return

src/components/Video.js
  Line 34:58:  Unexpected string concatenation of literals  no-useless-concat

Search for the keywords to learn more about each warning.
To ignore, add // eslint-disable-next-line to the line before.


> frontend@0.1.0 start /home/crio-user/workspace/ozagade2002-ME_BUILDOUT_XFLIX_REACT/frontend
> react-scripts start

[34mℹ[39m [90m｢wds｣[39m: Project is running at http://192.168.40.128/
[34mℹ[39m [90m｢wds｣[39m: webpack output is served from 
[34mℹ[39m [90m｢wds｣[39m: Content not from webpack is served from /home/crio-user/workspace/ozagade2002-ME_BUILDOUT_XFLIX_REACT/frontend/public
[34mℹ[39m [90m｢wds｣[39m: 404s will fallback to /
Starting the development server...

Compiled with warnings.

src/components/LandingPage.js
  Line 87:72:  Array.prototype.filter() expects a value to be returned at the end of arrow function  array-callback-return
  Line 97:28:  Array.prototype.map() expects a value to be returned at the end of arrow function     array-callback-return

src/components/Video.js
  Line 34:58:  Unexpected string concatenation of literals  no-useless-concat

Search for the keywords to learn more about each warning.
To ignore, add // eslint-disable-next-line to the line before.

Compiling...
Compiled with warnings.

src/components/LandingPage.js
  Line 87:72:  Array.prototype.filter() expects a value to be returned at the end of arrow function  array-callback-return
  Line 97:28:  Array.prototype.map() expects a value to be returned at the end of arrow function     array-callback-return

src/components/Video.js
  Line 34:58:  Unexpected string concatenation of literals  no-useless-concat

Search for the keywords to learn more about each warning.
To ignore, add // eslint-disable-next-line to the line before.


> frontend@0.1.0 start /home/crio-user/workspace/ozagade2002-ME_BUILDOUT_XFLIX_REACT/frontend
> react-scripts start

[34mℹ[39m [90m｢wds｣[39m: Project is running at http://192.168.40.128/
[34mℹ[39m [90m｢wds｣[39m: webpack output is served from 
[34mℹ[39m [90m｢wds｣[39m: Content not from webpack is served from /home/crio-user/workspace/ozagade2002-ME_BUILDOUT_XFLIX_REACT/frontend/public
[34mℹ[39m [90m｢wds｣[39m: 404s will fallback to /
Starting the development server...

Compiled with warnings.

src/components/LandingPage.js
  Line 87:72:  Array.prototype.filter() expects a value to be returned at the end of arrow function  array-callback-return
  Line 97:28:  Array.prototype.map() expects a value to be returned at the end of arrow function     array-callback-return

src/components/Video.js
  Line 34:58:  Unexpected string concatenation of literals  no-useless-concat

Search for the keywords to learn more about each warning.
To ignore, add // eslint-disable-next-line to the line before.

Compiling...
Failed to compile.

src/components/LandingPage.js
Syntax error: Missing semicolon. (82:42)

  80 |     }
  81 |     handleCancel = (e) => {
> 82 |         this.setState({ visible: false })''
     |                                          ^
  83 |     }
  84 |     handleSearchInput = async (event) => {
  85 |         let value = event.target.value;
Compiling...
Failed to compile.

src/components/LandingPage.js
  Line 83:9:  Expected an assignment or function call and instead saw an expression  no-unused-expressions

Search for the keywords to learn more about each error.
Compiling...
Failed to compile.

src/components/LandingPage.js
  Line 83:9:  Expected an assignment or function call and instead saw an expression  no-unused-expressions

Search for the keywords to learn more about each error.
Compiling...
Failed to compile.

src/components/LandingPage.js
  Line 83:9:  Expected an assignment or function call and instead saw an expression  no-unused-expressions

Search for the keywords to learn more about each error.
Compiling...
Compiled with warnings.

src/components/LandingPage.js
  Line 88:72:  Array.prototype.filter() expects a value to be returned at the end of arrow function  array-callback-return
  Line 98:28:  Array.prototype.map() expects a value to be returned at the end of arrow function     array-callback-return

src/components/Video.js
  Line 34:58:  Unexpected string concatenation of literals  no-useless-concat

Search for the keywords to learn more about each warning.
To ignore, add // eslint-disable-next-line to the line before.


> frontend@0.1.0 start /home/crio-user/workspace/ozagade2002-ME_BUILDOUT_XFLIX_REACT/frontend
> react-scripts start

[34mℹ[39m [90m｢wds｣[39m: Project is running at http://192.168.40.128/
[34mℹ[39m [90m｢wds｣[39m: webpack output is served from 
[34mℹ[39m [90m｢wds｣[39m: Content not from webpack is served from /home/crio-user/workspace/ozagade2002-ME_BUILDOUT_XFLIX_REACT/frontend/public
[34mℹ[39m [90m｢wds｣[39m: 404s will fallback to /
Starting the development server...

Compiled with warnings.

src/components/LandingPage.js
  Line 88:72:  Array.prototype.filter() expects a value to be returned at the end of arrow function  array-callback-return
  Line 98:28:  Array.prototype.map() expects a value to be returned at the end of arrow function     array-callback-return

src/components/Video.js
  Line 34:58:  Unexpected string concatenation of literals  no-useless-concat

Search for the keywords to learn more about each warning.
To ignore, add // eslint-disable-next-line to the line before.

Compiling...
Compiled with warnings.

src/components/LandingPage.js
  Line 88:72:  Array.prototype.filter() expects a value to be returned at the end of arrow function  array-callback-return
  Line 98:28:  Array.prototype.map() expects a value to be returned at the end of arrow function     array-callback-return

src/components/Video.js
  Line 34:58:  Unexpected string concatenation of literals  no-useless-concat

Search for the keywords to learn more about each warning.
To ignore, add // eslint-disable-next-line to the line before.

Compiling...
Compiled with warnings.

src/components/LandingPage.js
  Line 88:72:  Array.prototype.filter() expects a value to be returned at the end of arrow function  array-callback-return
  Line 98:28:  Array.prototype.map() expects a value to be returned at the end of arrow function     array-callback-return

src/components/Video.js
  Line 34:58:  Unexpected string concatenation of literals  no-useless-concat

Search for the keywords to learn more about each warning.
To ignore, add // eslint-disable-next-line to the line before.


> frontend@0.1.0 start /home/crio-user/workspace/ozagade2002-ME_BUILDOUT_XFLIX_REACT/frontend
> react-scripts start

[34mℹ[39m [90m｢wds｣[39m: Project is running at http://192.168.40.128/
[34mℹ[39m [90m｢wds｣[39m: webpack output is served from 
[34mℹ[39m [90m｢wds｣[39m: Content not from webpack is served from /home/crio-user/workspace/ozagade2002-ME_BUILDOUT_XFLIX_REACT/frontend/public
[34mℹ[39m [90m｢wds｣[39m: 404s will fallback to /
Starting the development server...

Compiled with warnings.

src/components/LandingPage.js
  Line 88:72:  Array.prototype.filter() expects a value to be returned at the end of arrow function  array-callback-return
  Line 98:28:  Array.prototype.map() expects a value to be returned at the end of arrow function     array-callback-return

src/components/Video.js
  Line 34:58:  Unexpected string concatenation of literals  no-useless-concat

Search for the keywords to learn more about each warning.
To ignore, add // eslint-disable-next-line to the line before.


> frontend@0.1.0 start /home/crio-user/workspace/ozagade2002-ME_BUILDOUT_XFLIX_REACT/frontend
> react-scripts start

[34mℹ[39m [90m｢wds｣[39m: Project is running at http://192.168.40.128/
[34mℹ[39m [90m｢wds｣[39m: webpack output is served from 
[34mℹ[39m [90m｢wds｣[39m: Content not from webpack is served from /home/crio-user/workspace/ozagade2002-ME_BUILDOUT_XFLIX_REACT/frontend/public
[34mℹ[39m [90m｢wds｣[39m: 404s will fallback to /
Starting the development server...

Compiled with warnings.

src/components/LandingPage.js
  Line 88:72:  Array.prototype.filter() expects a value to be returned at the end of arrow function  array-callback-return
  Line 98:28:  Array.prototype.map() expects a value to be returned at the end of arrow function     array-callback-return

src/components/Video.js
  Line 34:58:  Unexpected string concatenation of literals  no-useless-concat

Search for the keywords to learn more about each warning.
To ignore, add // eslint-disable-next-line to the line before.


> frontend@0.1.0 start /home/crio-user/workspace/ozagade2002-ME_BUILDOUT_XFLIX_REACT/frontend
> react-scripts start

[34mℹ[39m [90m｢wds｣[39m: Project is running at http://192.168.40.128/
[34mℹ[39m [90m｢wds｣[39m: webpack output is served from 
[34mℹ[39m [90m｢wds｣[39m: Content not from webpack is served from /home/crio-user/workspace/ozagade2002-ME_BUILDOUT_XFLIX_REACT/frontend/public
[34mℹ[39m [90m｢wds｣[39m: 404s will fallback to /
Starting the development server...

Compiled with warnings.

src/components/LandingPage.js
  Line 88:72:  Array.prototype.filter() expects a value to be returned at the end of arrow function  array-callback-return
  Line 98:28:  Array.prototype.map() expects a value to be returned at the end of arrow function     array-callback-return

src/components/Video.js
  Line 34:58:  Unexpected string concatenation of literals  no-useless-concat

Search for the keywords to learn more about each warning.
To ignore, add // eslint-disable-next-line to the line before.

Compiling...
Compiled with warnings.

src/components/LandingPage.js
  Line 88:72:  Array.prototype.filter() expects a value to be returned at the end of arrow function  array-callback-return
  Line 98:28:  Array.prototype.map() expects a value to be returned at the end of arrow function     array-callback-return

src/components/Video.js
  Line 34:58:  Unexpected string concatenation of literals  no-useless-concat

Search for the keywords to learn more about each warning.
To ignore, add // eslint-disable-next-line to the line before.

Compiling...
Compiled with warnings.

src/components/LandingPage.js
  Line 88:72:  Array.prototype.filter() expects a value to be returned at the end of arrow function  array-callback-return
  Line 98:28:  Array.prototype.map() expects a value to be returned at the end of arrow function     array-callback-return

src/components/Video.js
  Line 34:58:  Unexpected string concatenation of literals  no-useless-concat

Search for the keywords to learn more about each warning.
To ignore, add // eslint-disable-next-line to the line before.


> frontend@0.1.0 start /home/crio-user/workspace/ozagade2002-ME_BUILDOUT_XFLIX_REACT/frontend
> react-scripts start

[34mℹ[39m [90m｢wds｣[39m: Project is running at http://192.168.40.128/
[34mℹ[39m [90m｢wds｣[39m: webpack output is served from 
[34mℹ[39m [90m｢wds｣[39m: Content not from webpack is served from /home/crio-user/workspace/ozagade2002-ME_BUILDOUT_XFLIX_REACT/frontend/public
[34mℹ[39m [90m｢wds｣[39m: 404s will fallback to /
Starting the development server...

Compiled with warnings.

src/components/LandingPage.js
  Line 88:72:  Array.prototype.filter() expects a value to be returned at the end of arrow function  array-callback-return
  Line 98:28:  Array.prototype.map() expects a value to be returned at the end of arrow function     array-callback-return

src/components/Video.js
  Line 34:58:  Unexpected string concatenation of literals  no-useless-concat

Search for the keywords to learn more about each warning.
To ignore, add // eslint-disable-next-line to the line before.

Compiling...
Compiled with warnings.

src/components/LandingPage.js
  Line 88:72:  Array.prototype.filter() expects a value to be returned at the end of arrow function  array-callback-return
  Line 98:28:  Array.prototype.map() expects a value to be returned at the end of arrow function     array-callback-return

src/components/Video.js
  Line 34:58:  Unexpected string concatenation of literals  no-useless-concat

Search for the keywords to learn more about each warning.
To ignore, add // eslint-disable-next-line to the line before.


> frontend@0.1.0 start /home/crio-user/workspace/ozagade2002-ME_BUILDOUT_XFLIX_REACT/frontend
> react-scripts start

[34mℹ[39m [90m｢wds｣[39m: Project is running at http://192.168.40.128/
[34mℹ[39m [90m｢wds｣[39m: webpack output is served from 
[34mℹ[39m [90m｢wds｣[39m: Content not from webpack is served from /home/crio-user/workspace/ozagade2002-ME_BUILDOUT_XFLIX_REACT/frontend/public
[34mℹ[39m [90m｢wds｣[39m: 404s will fallback to /
Starting the development server...

Compiled with warnings.

src/components/LandingPage.js
  Line 88:72:  Array.prototype.filter() expects a value to be returned at the end of arrow function  array-callback-return
  Line 98:28:  Array.prototype.map() expects a value to be returned at the end of arrow function     array-callback-return

src/components/Video.js
  Line 34:58:  Unexpected string concatenation of literals  no-useless-concat

Search for the keywords to learn more about each warning.
To ignore, add // eslint-disable-next-line to the line before.

Compiling...
Compiled with warnings.

src/components/LandingPage.js
  Line 88:72:  Array.prototype.filter() expects a value to be returned at the end of arrow function  array-callback-return
  Line 98:28:  Array.prototype.map() expects a value to be returned at the end of arrow function     array-callback-return

src/components/Video.js
  Line 34:58:  Unexpected string concatenation of literals  no-useless-concat

Search for the keywords to learn more about each warning.
To ignore, add // eslint-disable-next-line to the line before.

Compiling...
Compiled with warnings.

src/components/LandingPage.js
  Line 88:72:  Array.prototype.filter() expects a value to be returned at the end of arrow function  array-callback-return
  Line 98:28:  Array.prototype.map() expects a value to be returned at the end of arrow function     array-callback-return

src/components/Video.js
  Line 34:58:  Unexpected string concatenation of literals  no-useless-concat

Search for the keywords to learn more about each warning.
To ignore, add // eslint-disable-next-line to the line before.

Compiling...
Compiled with warnings.

src/components/LandingPage.js
  Line 87:72:  Array.prototype.filter() expects a value to be returned at the end of arrow function  array-callback-return
  Line 97:28:  Array.prototype.map() expects a value to be returned at the end of arrow function     array-callback-return

src/components/Video.js
  Line 34:58:  Unexpected string concatenation of literals  no-useless-concat

Search for the keywords to learn more about each warning.
To ignore, add // eslint-disable-next-line to the line before.


> frontend@0.1.0 start /home/crio-user/workspace/ozagade2002-ME_BUILDOUT_XFLIX_REACT/frontend
> react-scripts start

[34mℹ[39m [90m｢wds｣[39m: Project is running at http://192.168.40.128/
[34mℹ[39m [90m｢wds｣[39m: webpack output is served from 
[34mℹ[39m [90m｢wds｣[39m: Content not from webpack is served from /home/crio-user/workspace/ozagade2002-ME_BUILDOUT_XFLIX_REACT/frontend/public
[34mℹ[39m [90m｢wds｣[39m: 404s will fallback to /
Starting the development server...

Compiled with warnings.

src/components/LandingPage.js
  Line 87:72:  Array.prototype.filter() expects a value to be returned at the end of arrow function  array-callback-return
  Line 97:28:  Array.prototype.map() expects a value to be returned at the end of arrow function     array-callback-return

src/components/Video.js
  Line 34:58:  Unexpected string concatenation of literals  no-useless-concat

Search for the keywords to learn more about each warning.
To ignore, add // eslint-disable-next-line to the line before.

Compiling...
Compiled with warnings.

src/components/LandingPage.js
  Line 89:72:  Array.prototype.filter() expects a value to be returned at the end of arrow function  array-callback-return
  Line 99:28:  Array.prototype.map() expects a value to be returned at the end of arrow function     array-callback-return

src/components/Video.js
  Line 34:58:  Unexpected string concatenation of literals  no-useless-concat

Search for the keywords to learn more about each warning.
To ignore, add // eslint-disable-next-line to the line before.


> frontend@0.1.0 start /home/crio-user/workspace/ozagade2002-ME_BUILDOUT_XFLIX_REACT/frontend
> react-scripts start

[34mℹ[39m [90m｢wds｣[39m: Project is running at http://192.168.40.128/
[34mℹ[39m [90m｢wds｣[39m: webpack output is served from 
[34mℹ[39m [90m｢wds｣[39m: Content not from webpack is served from /home/crio-user/workspace/ozagade2002-ME_BUILDOUT_XFLIX_REACT/frontend/public
[34mℹ[39m [90m｢wds｣[39m: 404s will fallback to /
Starting the development server...

Compiled with warnings.

src/components/LandingPage.js
  Line 89:72:  Array.prototype.filter() expects a value to be returned at the end of arrow function  array-callback-return
  Line 99:28:  Array.prototype.map() expects a value to be returned at the end of arrow function     array-callback-return

src/components/Video.js
  Line 34:58:  Unexpected string concatenation of literals  no-useless-concat

Search for the keywords to learn more about each warning.
To ignore, add // eslint-disable-next-line to the line before.

Compiling...
Compiled with warnings.

src/components/LandingPage.js
  Line 89:72:  Array.prototype.filter() expects a value to be returned at the end of arrow function  array-callback-return
  Line 99:28:  Array.prototype.map() expects a value to be returned at the end of arrow function     array-callback-return

src/components/Video.js
  Line 34:58:  Unexpected string concatenation of literals  no-useless-concat

Search for the keywords to learn more about each warning.
To ignore, add // eslint-disable-next-line to the line before.

Compiling...
Compiled with warnings.

src/components/LandingPage.js
  Line 89:72:  Array.prototype.filter() expects a value to be returned at the end of arrow function  array-callback-return
  Line 99:28:  Array.prototype.map() expects a value to be returned at the end of arrow function     array-callback-return

src/components/Video.js
  Line 34:58:  Unexpected string concatenation of literals  no-useless-concat

Search for the keywords to learn more about each warning.
To ignore, add // eslint-disable-next-line to the line before.

Compiling...
Compiled with warnings.

src/components/LandingPage.js
  Line 87:72:  Array.prototype.filter() expects a value to be returned at the end of arrow function  array-callback-return
  Line 97:28:  Array.prototype.map() expects a value to be returned at the end of arrow function     array-callback-return

src/components/Video.js
  Line 34:58:  Unexpected string concatenation of literals  no-useless-concat

Search for the keywords to learn more about each warning.
To ignore, add // eslint-disable-next-line to the line before.

Compiling...
Failed to compile.

src/components/LandingPage.js
  Line 83:9:  Expected an assignment or function call and instead saw an expression  no-unused-expressions
  Line 83:9:  'destroyOnClose' is not defined                                        no-undef

Search for the keywords to learn more about each error.
Compiling...
Failed to compile.

src/components/LandingPage.js
  Line 83:9:   'destroyOnClose' is not defined  no-undef
  Line 83:26:  'False' is not defined           no-undef

Search for the keywords to learn more about each error.
Compiling...
Failed to compile.

src/components/LandingPage.js
  Line 83:9:  'destroyOnClose' is not defined  no-undef

Search for the keywords to learn more about each error.
Compiling...
Failed to compile.

src/components/LandingPage.js
Syntax error: Missing semicolon. (203:25)

  201 |         );
  202 |     }
> 203 |     componentWillMount() {
      |                         ^
  204 |         this.performAPICall();
  205 |     }
  206 |     setSortBy = (e) => {
Compiling...
Failed to compile.

src/components/LandingPage.js
  Line 83:9:  'destroyOnClose' is not defined  no-undef

Search for the keywords to learn more about each error.
Compiling...
Compiled with warnings.

src/components/LandingPage.js
  Line 88:72:  Array.prototype.filter() expects a value to be returned at the end of arrow function  array-callback-return
  Line 98:28:  Array.prototype.map() expects a value to be returned at the end of arrow function     array-callback-return

src/components/Video.js
  Line 34:58:  Unexpected string concatenation of literals  no-useless-concat

Search for the keywords to learn more about each warning.
To ignore, add // eslint-disable-next-line to the line before.

Compiling...
Failed to compile.

src/components/LandingPage.js
Syntax error: JSX value should be either an expression or a quoted JSX text. (233:145)

  231 |                     }
  232 |                 />
> 233 |                 <Modal title="Upload video" visible={this.state.visible} onCancel={this.handleCancel.bind(this)} footer={null} destroyOnClose = true>
      |                                                                                                                                                 ^
  234 |                     <Form
  235 |                         name="upload-form"
  236 |                         method="post"
Compiling...
Failed to compile.

src/components/LandingPage.js
Syntax error: JSX value should be either an expression or a quoted JSX text. (233:145)

  231 |                     }
  232 |                 />
> 233 |                 <Modal title="Upload video" visible={this.state.visible} onCancel={this.handleCancel.bind(this)} footer={null} destroyOnClose = >
      |                                                                                                                                                 ^
  234 |                     <Form
  235 |                         name="upload-form"
  236 |                         method="post"
Compiling...
Failed to compile.

src/components/LandingPage.js
Syntax error: JSX value should be either an expression or a quoted JSX text. (233:145)

  231 |                     }
  232 |                 />
> 233 |                 <Modal title="Upload video" visible={this.state.visible} onCancel={this.handleCancel.bind(this)} footer={null} destroyOnClose = >
      |                                                                                                                                                 ^
  234 |                     <Form
  235 |                         name="upload-form"
  236 |                         method="post"
Compiling...
Compiled with warnings.

src/components/LandingPage.js
  Line 88:72:  Array.prototype.filter() expects a value to be returned at the end of arrow function  array-callback-return
  Line 98:28:  Array.prototype.map() expects a value to be returned at the end of arrow function     array-callback-return

src/components/Video.js
  Line 34:58:  Unexpected string concatenation of literals  no-useless-concat

Search for the keywords to learn more about each warning.
To ignore, add // eslint-disable-next-line to the line before.


> frontend@0.1.0 start /home/crio-user/workspace/ozagade2002-ME_BUILDOUT_XFLIX_REACT/frontend
> react-scripts start

[34mℹ[39m [90m｢wds｣[39m: Project is running at http://192.168.40.128/
[34mℹ[39m [90m｢wds｣[39m: webpack output is served from 
[34mℹ[39m [90m｢wds｣[39m: Content not from webpack is served from /home/crio-user/workspace/ozagade2002-ME_BUILDOUT_XFLIX_REACT/frontend/public
[34mℹ[39m [90m｢wds｣[39m: 404s will fallback to /
Starting the development server...

Compiled with warnings.

src/components/LandingPage.js
  Line 88:72:  Array.prototype.filter() expects a value to be returned at the end of arrow function  array-callback-return
  Line 98:28:  Array.prototype.map() expects a value to be returned at the end of arrow function     array-callback-return

src/components/Video.js
  Line 34:58:  Unexpected string concatenation of literals  no-useless-concat

Search for the keywords to learn more about each warning.
To ignore, add // eslint-disable-next-line to the line before.

Compiling...
Failed to compile.

src/components/LandingPage.js
Syntax error: Expected corresponding JSX closing tag for <Col>. (346:21)

  344 |                                     <div className="loading-text">No videos</div>
  345 |                                 )}
> 346 |                     </Row>
      |                     ^
  347 |                 </div>
  348 |             </div>
  349 |         );
Compiling...
Failed to compile.

src/components/LandingPage.js
Syntax error: Expected corresponding JSX closing tag for <Col>. (347:21)

  345 |                                 )}
  346 |                                 
> 347 |                     </Row>
      |                     ^
  348 |                 </div>
  349 |             </div>
  350 |         );
Compiling...
Failed to compile.

src/components/LandingPage.js
Syntax error: Adjacent JSX elements must be wrapped in an enclosing tag. Did you want a JSX fragment <>...</>? (347:21)

  345 |                                 )}
  346 |                                 </Col>
> 347 |                     </Row>
      |                     ^
  348 |                 </div>
  349 |             </div>
  350 |         );
Compiling...
Failed to compile.

src/components/LandingPage.js
Syntax error: Expected corresponding JSX closing tag for <Row>. (346:33)

  344 |                                     <div className="loading-text">No videos</div>
  345 |                                 )}
> 346 |                                 </Col>
      |                                 ^
  347 |                     </Row>
  348 |                 </div>
  349 |             </div>
Compiling...
Compiled with warnings.

src/components/LandingPage.js
  Line 88:72:  Array.prototype.filter() expects a value to be returned at the end of arrow function  array-callback-return
  Line 98:28:  Array.prototype.map() expects a value to be returned at the end of arrow function     array-callback-return

src/components/Video.js
  Line 34:58:  Unexpected string concatenation of literals  no-useless-concat

Search for the keywords to learn more about each warning.
To ignore, add // eslint-disable-next-line to the line before.

Compiling...
Compiled with warnings.

src/components/LandingPage.js
  Line 88:72:  Array.prototype.filter() expects a value to be returned at the end of arrow function  array-callback-return
  Line 98:28:  Array.prototype.map() expects a value to be returned at the end of arrow function     array-callback-return

src/components/Video.js
  Line 34:58:  Unexpected string concatenation of literals  no-useless-concat

Search for the keywords to learn more about each warning.
To ignore, add // eslint-disable-next-line to the line before.

Compiling...
Failed to compile.

src/components/LandingPage.js
Syntax error: Expected corresponding JSX closing tag for <Col>. (339:55)

  337 |                         {this.state.allVideoList.length !== 0 ? (
  338 |                             this.state.videoList.map((data,key)  => <Col xs={24} sm={12} md={8} xl={8}>
> 339 |                                 {this.getVideos(data)}</div>
      |                                                       ^
  340 |                             </Col>)
  341 |                         ) : !this.state.loading ? (
  342 |                             <div className="loading-text">Loading videos...</div>
Compiling...
Failed to compile.

./src/components/LandingPage.js
SyntaxError: /home/crio-user/workspace/ozagade2002-ME_BUILDOUT_XFLIX_REACT/frontend/src/components/LandingPage.js: Expected corresponding JSX closing tag for <Col>. (339:54)

  337 |                         {this.state.allVideoList.length !== 0 ? (
  338 |                             this.state.videoList.map((data,key)  => <Col xs={24} sm={12} md={8} xl={8}>
> 339 |                                 {this.getVideos(data)}</div>
      |                                                       ^
  340 |                             </Col>)
  341 |                         ) : !this.state.loading ? (
  342 |                             <div className="loading-text">Loading videos...</div>
Compiling...
Compiled with warnings.

src/components/LandingPage.js
  Line 88:72:  Array.prototype.filter() expects a value to be returned at the end of arrow function  array-callback-return
  Line 98:28:  Array.prototype.map() expects a value to be returned at the end of arrow function     array-callback-return

src/components/Video.js
  Line 34:58:  Unexpected string concatenation of literals  no-useless-concat

Search for the keywords to learn more about each warning.
To ignore, add // eslint-disable-next-line to the line before.


> frontend@0.1.0 start /home/crio-user/workspace/ozagade2002-ME_BUILDOUT_XFLIX_REACT/frontend
> react-scripts start

[34mℹ[39m [90m｢wds｣[39m: Project is running at http://192.168.40.128/
[34mℹ[39m [90m｢wds｣[39m: webpack output is served from 
[34mℹ[39m [90m｢wds｣[39m: Content not from webpack is served from /home/crio-user/workspace/ozagade2002-ME_BUILDOUT_XFLIX_REACT/frontend/public
[34mℹ[39m [90m｢wds｣[39m: 404s will fallback to /
Starting the development server...

Compiled with warnings.

src/components/LandingPage.js
  Line 88:72:  Array.prototype.filter() expects a value to be returned at the end of arrow function  array-callback-return
  Line 98:28:  Array.prototype.map() expects a value to be returned at the end of arrow function     array-callback-return

src/components/Video.js
  Line 34:58:  Unexpected string concatenation of literals  no-useless-concat

Search for the keywords to learn more about each warning.
To ignore, add // eslint-disable-next-line to the line before.

Compiling...
Compiled with warnings.

src/components/LandingPage.js
  Line 88:72:  Array.prototype.filter() expects a value to be returned at the end of arrow function  array-callback-return
  Line 98:28:  Array.prototype.map() expects a value to be returned at the end of arrow function     array-callback-return

src/components/Video.js
  Line 34:58:  Unexpected string concatenation of literals  no-useless-concat

Search for the keywords to learn more about each warning.
To ignore, add // eslint-disable-next-line to the line before.

Compiling...
Compiled with warnings.

src/components/LandingPage.js
  Line 88:72:  Array.prototype.filter() expects a value to be returned at the end of arrow function  array-callback-return
  Line 98:28:  Array.prototype.map() expects a value to be returned at the end of arrow function     array-callback-return

src/components/Video.js
  Line 34:58:  Unexpected string concatenation of literals  no-useless-concat

Search for the keywords to learn more about each warning.
To ignore, add // eslint-disable-next-line to the line before.

Compiling...
Compiled with warnings.

src/components/LandingPage.js
  Line 88:72:  Array.prototype.filter() expects a value to be returned at the end of arrow function  array-callback-return
  Line 98:28:  Array.prototype.map() expects a value to be returned at the end of arrow function     array-callback-return

src/components/Video.js
  Line 34:58:  Unexpected string concatenation of literals  no-useless-concat

Search for the keywords to learn more about each warning.
To ignore, add // eslint-disable-next-line to the line before.

Compiling...
Compiled with warnings.

src/components/LandingPage.js
  Line 88:72:  Array.prototype.filter() expects a value to be returned at the end of arrow function  array-callback-return
  Line 98:28:  Array.prototype.map() expects a value to be returned at the end of arrow function     array-callback-return

src/components/Video.js
  Line 34:58:  Unexpected string concatenation of literals  no-useless-concat

Search for the keywords to learn more about each warning.
To ignore, add // eslint-disable-next-line to the line before.


> frontend@0.1.0 start /home/crio-user/workspace/ozagade2002-ME_BUILDOUT_XFLIX_REACT/frontend
> react-scripts start

[34mℹ[39m [90m｢wds｣[39m: Project is running at http://192.168.40.128/
[34mℹ[39m [90m｢wds｣[39m: webpack output is served from 
[34mℹ[39m [90m｢wds｣[39m: Content not from webpack is served from /home/crio-user/workspace/ozagade2002-ME_BUILDOUT_XFLIX_REACT/frontend/public
[34mℹ[39m [90m｢wds｣[39m: 404s will fallback to /
Starting the development server...

Compiled with warnings.

src/components/LandingPage.js
  Line 88:72:  Array.prototype.filter() expects a value to be returned at the end of arrow function  array-callback-return
  Line 98:28:  Array.prototype.map() expects a value to be returned at the end of arrow function     array-callback-return

src/components/Video.js
  Line 34:58:  Unexpected string concatenation of literals  no-useless-concat

Search for the keywords to learn more about each warning.
To ignore, add // eslint-disable-next-line to the line before.

Compiling...
Compiled with warnings.

src/components/LandingPage.js
  Line 88:72:  Array.prototype.filter() expects a value to be returned at the end of arrow function  array-callback-return
  Line 98:28:  Array.prototype.map() expects a value to be returned at the end of arrow function     array-callback-return

src/components/Video.js
  Line 34:58:  Unexpected string concatenation of literals  no-useless-concat

Search for the keywords to learn more about each warning.
To ignore, add // eslint-disable-next-line to the line before.


> frontend@0.1.0 start /home/crio-user/workspace/ozagade2002-ME_BUILDOUT_XFLIX_REACT/frontend
> react-scripts start

[34mℹ[39m [90m｢wds｣[39m: Project is running at http://192.168.25.180/
[34mℹ[39m [90m｢wds｣[39m: webpack output is served from 
[34mℹ[39m [90m｢wds｣[39m: Content not from webpack is served from /home/crio-user/workspace/ozagade2002-ME_BUILDOUT_XFLIX_REACT/frontend/public
[34mℹ[39m [90m｢wds｣[39m: 404s will fallback to /
Starting the development server...

Compiled with warnings.

src/components/LandingPage.js
  Line 88:72:  Array.prototype.filter() expects a value to be returned at the end of arrow function  array-callback-return
  Line 98:28:  Array.prototype.map() expects a value to be returned at the end of arrow function     array-callback-return

Search for the keywords to learn more about each warning.
To ignore, add // eslint-disable-next-line to the line before.


> frontend@0.1.0 start /home/crio-user/workspace/ozagade2002-ME_BUILDOUT_XFLIX_REACT/frontend
> react-scripts start

[34mℹ[39m [90m｢wds｣[39m: Project is running at http://192.168.25.180/
[34mℹ[39m [90m｢wds｣[39m: webpack output is served from 
[34mℹ[39m [90m｢wds｣[39m: Content not from webpack is served from /home/crio-user/workspace/ozagade2002-ME_BUILDOUT_XFLIX_REACT/frontend/public
[34mℹ[39m [90m｢wds｣[39m: 404s will fallback to /
Starting the development server...

Compiled with warnings.

src/components/LandingPage.js
  Line 88:72:  Array.prototype.filter() expects a value to be returned at the end of arrow function  array-callback-return
  Line 98:28:  Array.prototype.map() expects a value to be returned at the end of arrow function     array-callback-return

Search for the keywords to learn more about each warning.
To ignore, add // eslint-disable-next-line to the line before.

Compiling...
Failed to compile.

src/components/LandingPage.js
Syntax error: Expected corresponding JSX closing tag for <Col>. (338:116)

  336 |                 <Row gutter={[16,16]}>
  337 |                         {this.state.allVideoList.length !== 0 ? (
> 338 |                             this.state.videoList.map((data,key)=><Col xs={24} sm={12} md={8}>{this.getVideos(data)}</div></Col>)
      |                                                                                                                    ^
  339 |                         ):!this.state.loading ? (
  340 |                             <div className="loading-text">Loading videos...</div>
  341 |                         ) : (
Compiling...
Compiled with warnings.

src/components/LandingPage.js
  Line 88:72:  Array.prototype.filter() expects a value to be returned at the end of arrow function  array-callback-return
  Line 98:28:  Array.prototype.map() expects a value to be returned at the end of arrow function     array-callback-return

Search for the keywords to learn more about each warning.
To ignore, add // eslint-disable-next-line to the line before.


> frontend@0.1.0 start /home/crio-user/workspace/ozagade2002-ME_BUILDOUT_XFLIX_REACT/frontend
> react-scripts start

[34mℹ[39m [90m｢wds｣[39m: Project is running at http://192.168.25.180/
[34mℹ[39m [90m｢wds｣[39m: webpack output is served from 
[34mℹ[39m [90m｢wds｣[39m: Content not from webpack is served from /home/crio-user/workspace/ozagade2002-ME_BUILDOUT_XFLIX_REACT/frontend/public
[34mℹ[39m [90m｢wds｣[39m: 404s will fallback to /
Starting the development server...

Compiled with warnings.

src/components/LandingPage.js
  Line 88:72:  Array.prototype.filter() expects a value to be returned at the end of arrow function  array-callback-return
  Line 98:28:  Array.prototype.map() expects a value to be returned at the end of arrow function     array-callback-return

Search for the keywords to learn more about each warning.
To ignore, add // eslint-disable-next-line to the line before.

Compiling...
Compiled with warnings.

src/components/LandingPage.js
  Line 88:72:  Array.prototype.filter() expects a value to be returned at the end of arrow function  array-callback-return
  Line 99:28:  Array.prototype.map() expects a value to be returned at the end of arrow function     array-callback-return

Search for the keywords to learn more about each warning.
To ignore, add // eslint-disable-next-line to the line before.


> frontend@0.1.0 start /home/crio-user/workspace/ozagade2002-ME_BUILDOUT_XFLIX_REACT/frontend
> react-scripts start

[34mℹ[39m [90m｢wds｣[39m: Project is running at http://192.168.14.113/
[34mℹ[39m [90m｢wds｣[39m: webpack output is served from 
[34mℹ[39m [90m｢wds｣[39m: Content not from webpack is served from /home/crio-user/workspace/ozagade2002-ME_BUILDOUT_XFLIX_REACT/frontend/public
[34mℹ[39m [90m｢wds｣[39m: 404s will fallback to /
Starting the development server...

Compiled with warnings.

src/components/LandingPage.js
  Line 88:72:  Array.prototype.filter() expects a value to be returned at the end of arrow function  array-callback-return
  Line 99:28:  Array.prototype.map() expects a value to be returned at the end of arrow function     array-callback-return

Search for the keywords to learn more about each warning.
To ignore, add // eslint-disable-next-line to the line before.

